<?xml version="1.0" encoding="UTF-8"?>
<!-- Generated by org.testng.reporters.JUnitReportReporter -->
<testsuite hostname="CPDK038" failures="0" tests="1" name="com.APITesting.TestGETandPOSTRequest" time="4.028" errors="0" timestamp="2024-07-05T15:19:21 IST" skipped="0">
  <testcase classname="com.APITesting.TestGETandPOSTRequest" name="POSTRequest1" time="4.028"/>
</testsuite> <!-- com.APITesting.TestGETandPOSTRequest -->
