<?xml version="1.0" encoding="UTF-8"?>
<!-- Generated by org.testng.reporters.JUnitReportReporter -->
<testsuite hostname="CPDK038" failures="0" tests="1" name="com.APITesting.FirstTest" time="4.177" errors="0" timestamp="2024-07-05T12:27:36 IST" skipped="0">
  <testcase classname="com.APITesting.FirstTest" name="GETApiTest2" time="4.177"/>
</testsuite> <!-- com.APITesting.FirstTest -->
