<?xml version="1.0" encoding="UTF-8"?>
<!-- Generated by org.testng.reporters.JUnitReportReporter -->
<testsuite hostname="CPDK038" failures="0" tests="1" name="com.APITesting.CarRentPutRequest" time="4.413" errors="0" timestamp="2024-07-05T17:19:03 IST" skipped="0">
  <testcase classname="com.APITesting.CarRentPutRequest" name="DELETERequest" time="4.413"/>
</testsuite> <!-- com.APITesting.CarRentPutRequest -->
