<?xml version="1.0" encoding="UTF-8"?>
<!-- Generated by org.testng.reporters.JUnitReportReporter -->
<testsuite hostname="CPDK038" failures="0" tests="1" name="com.APITesting.ReactProjectHomePage" time="3.847" errors="0" timestamp="2024-07-05T13:25:55 IST" skipped="0">
  <testcase classname="com.APITesting.ReactProjectHomePage" name="GETApiTest2" time="3.847"/>
</testsuite> <!-- com.APITesting.ReactProjectHomePage -->
