<?xml version="1.0" encoding="UTF-8"?>
<!-- Generated by org.testng.reporters.JUnitReportReporter -->
<testsuite hostname="CPDK038" failures="0" tests="1" name="com.APITesting.PutPatchAndDeleteRequest" time="3.847" errors="0" timestamp="2024-07-05T17:00:07 IST" skipped="0">
  <testcase classname="com.APITesting.PutPatchAndDeleteRequest" name="PATCHRequest" time="3.847"/>
</testsuite> <!-- com.APITesting.PutPatchAndDeleteRequest -->
